872
cuda:1
Epoch 0/149:LR: 0.0001
----------
train Loss: 0.8670 Acc: 0.0000
Epoch time taken:  18.45049023628235
val Loss: 0.1904 Acc: 0.0000
Epoch time taken:  20.820895671844482
Epoch 1/149:LR: 0.0001
----------
train Loss: 0.0958 Acc: 0.0000
Epoch time taken:  18.586631059646606
val Loss: 0.0636 Acc: 0.0000
Epoch time taken:  20.941999435424805
Epoch 2/149:LR: 0.0001
----------
train Loss: 0.0917 Acc: 0.0000
Epoch time taken:  18.212353706359863
val Loss: 0.0719 Acc: 0.0000
Epoch time taken:  20.639599084854126
Epoch 3/149:LR: 0.0001
----------
train Loss: 0.0819 Acc: 0.0000
Epoch time taken:  18.19429039955139
val Loss: 0.0692 Acc: 0.0000
Epoch time taken:  20.53166365623474
Epoch 4/149:LR: 0.0001
----------
train Loss: 0.0774 Acc: 0.0000
Epoch time taken:  18.27068066596985
val Loss: 0.0625 Acc: 0.0000
Epoch time taken:  20.72545862197876
Epoch 5/149:LR: 0.0001
----------
train Loss: 0.0704 Acc: 0.0000
Epoch time taken:  18.451631546020508
val Loss: 0.0675 Acc: 0.0000
Epoch time taken:  20.809976816177368
Epoch 6/149:LR: 0.0001
----------
train Loss: 0.0697 Acc: 0.0000
Epoch time taken:  18.345728635787964
val Loss: 0.0633 Acc: 0.0000
Epoch time taken:  20.72034525871277
Epoch 7/149:LR: 0.0001
----------
train Loss: 0.0615 Acc: 0.0000
Epoch time taken:  18.24952793121338
val Loss: 0.1186 Acc: 0.0000
Epoch time taken:  20.652766227722168
Epoch 8/149:LR: 0.0001
----------
train Loss: 0.0619 Acc: 0.0000
Epoch time taken:  19.832844257354736
val Loss: 0.0625 Acc: 0.0000
Epoch time taken:  22.172970056533813
Epoch 9/149:LR: 0.0001
----------
train Loss: 0.0601 Acc: 0.0000
Epoch time taken:  18.19491171836853
val Loss: 0.0655 Acc: 0.0000
Epoch time taken:  20.62779426574707
Epoch 10/149:LR: 0.0001
----------
train Loss: 0.0617 Acc: 0.0000
Epoch time taken:  19.4520845413208
val Loss: 0.0635 Acc: 0.0000
Epoch time taken:  21.7513210773468
Epoch 11/149:LR: 0.0001
----------
train Loss: 0.0695 Acc: 0.0000
Epoch time taken:  19.622023344039917
val Loss: 0.0640 Acc: 0.0000
Epoch time taken:  21.9255268573761
Epoch 12/149:LR: 0.0001
----------
train Loss: 0.0417 Acc: 0.0000
Epoch time taken:  19.54913592338562
Traceback (most recent call last):
  File "3-mobilenet-k33.py", line 60, in <module>
    model = t.train(model, dataloaders, num_epochs=150, weights_name='mobilenet_k33')
  File "/root/RTML/DOAPalmNutrient/trainer.py", line 70, in train
    for inputs, labels in dataloaders[phase]:
  File "/usr/local/lib/python3.8/dist-packages/torch/utils/data/dataloader.py", line 517, in __next__
    data = self._next_data()
  File "/usr/local/lib/python3.8/dist-packages/torch/utils/data/dataloader.py", line 557, in _next_data
    data = self._dataset_fetcher.fetch(index)  # may raise StopIteration
  File "/usr/local/lib/python3.8/dist-packages/torch/utils/data/_utils/fetch.py", line 44, in fetch
    data = [self.dataset[idx] for idx in possibly_batched_index]
  File "/usr/local/lib/python3.8/dist-packages/torch/utils/data/_utils/fetch.py", line 44, in <listcomp>
    data = [self.dataset[idx] for idx in possibly_batched_index]
  File "/usr/local/lib/python3.8/dist-packages/torch/utils/data/dataset.py", line 330, in __getitem__
    return self.dataset[self.indices[idx]]
  File "/root/RTML/DOAPalmNutrient/myDataset.py", line 62, in __getitem__
    image = self.transform(image)
  File "/usr/local/lib/python3.8/dist-packages/torchvision/transforms/transforms.py", line 60, in __call__
    img = t(img)
  File "/usr/local/lib/python3.8/dist-packages/torch/nn/modules/module.py", line 889, in _call_impl
    result = self.forward(*input, **kwargs)
  File "/usr/local/lib/python3.8/dist-packages/torchvision/transforms/transforms.py", line 273, in forward
    return F.resize(img, self.size, self.interpolation)
  File "/usr/local/lib/python3.8/dist-packages/torchvision/transforms/functional.py", line 375, in resize
    return F_pil.resize(img, size=size, interpolation=pil_interpolation)
  File "/usr/local/lib/python3.8/dist-packages/torchvision/transforms/functional_pil.py", line 228, in resize
    return img.resize(size[::-1], interpolation)
  File "/usr/local/lib/python3.8/dist-packages/PIL/Image.py", line 1924, in resize
    self.load()
  File "/usr/local/lib/python3.8/dist-packages/PIL/ImageFile.py", line 255, in load
    n, err_code = decoder.decode(b)
KeyboardInterrupt
