900
cuda:0
Epoch 0/149:LR: 0.0001
----------
train Loss: 1.1136 Acc: 0.0000
Epoch time taken:  35.17385458946228
val Loss: 1.0922 Acc: 0.0000
Epoch time taken:  38.354106187820435
Epoch 1/149:LR: 0.0001
----------
train Loss: 0.1252 Acc: 0.0000
Epoch time taken:  25.630983114242554
val Loss: 0.0881 Acc: 0.0000
Epoch time taken:  28.72797155380249
Epoch 2/149:LR: 0.0001
----------
train Loss: 0.0873 Acc: 0.0000
Epoch time taken:  25.1475887298584
val Loss: 0.0725 Acc: 0.0000
Epoch time taken:  35.442092418670654
Epoch 3/149:LR: 0.0001
----------
train Loss: 0.0923 Acc: 0.0000
Epoch time taken:  25.1407630443573
val Loss: 0.0656 Acc: 0.0000
Epoch time taken:  28.194278478622437
Epoch 4/149:LR: 0.0001
----------
train Loss: 0.0972 Acc: 0.0000
Epoch time taken:  25.146071434020996
val Loss: 0.1195 Acc: 0.0000
Epoch time taken:  28.154526472091675
Epoch 5/149:LR: 0.0001
----------
train Loss: 0.1059 Acc: 0.0000
Epoch time taken:  25.096930503845215
val Loss: 0.0801 Acc: 0.0000
Epoch time taken:  28.11983895301819
Epoch 6/149:LR: 0.0001
----------
train Loss: 0.1069 Acc: 0.0000
Epoch time taken:  25.323139905929565
val Loss: 0.0663 Acc: 0.0000
Epoch time taken:  28.33070206642151
Epoch 7/149:LR: 0.0001
----------
train Loss: 0.0995 Acc: 0.0000
Epoch time taken:  25.09123992919922
val Loss: 0.0770 Acc: 0.0000
Epoch time taken:  28.096992015838623
Epoch 8/149:LR: 0.0001
----------
train Loss: 0.1308 Acc: 0.0000
Epoch time taken:  24.91827702522278
val Loss: 0.0918 Acc: 0.0000
Epoch time taken:  27.9895977973938
Epoch 9/149:LR: 0.0001
----------
train Loss: 0.0948 Acc: 0.0000
Epoch time taken:  25.25322723388672
val Loss: 0.1112 Acc: 0.0000
Epoch time taken:  28.328510761260986
Epoch 10/149:LR: 0.0001
----------
train Loss: 0.0887 Acc: 0.0000
Epoch time taken:  25.569567441940308
val Loss: 0.1041 Acc: 0.0000
Epoch time taken:  28.775554180145264
Epoch 11/149:LR: 0.0001
----------
train Loss: 0.1056 Acc: 0.0000
Epoch time taken:  32.41493606567383
val Loss: 0.0625 Acc: 0.0000
Epoch time taken:  35.466628551483154
Epoch 12/149:LR: 0.0001
----------
train Loss: 0.0861 Acc: 0.0000
Epoch time taken:  25.116567611694336
val Loss: 0.0741 Acc: 0.0000
Epoch time taken:  28.203058004379272
Epoch 13/149:LR: 0.0001
----------
train Loss: 0.0840 Acc: 0.0000
Epoch time taken:  25.062358617782593
val Loss: 0.0769 Acc: 0.0000
Epoch time taken:  28.04729199409485
Epoch 14/149:LR: 0.0001
----------
train Loss: 0.0884 Acc: 0.0000
Epoch time taken:  25.157651662826538
val Loss: 0.0729 Acc: 0.0000
Epoch time taken:  28.208993911743164
Epoch 15/149:LR: 0.0001
----------
train Loss: 0.0824 Acc: 0.0000
Epoch time taken:  25.576826810836792
val Loss: 0.0893 Acc: 0.0000
Epoch time taken:  28.573312282562256
Epoch 16/149:LR: 0.0001
----------
train Loss: 0.0973 Acc: 0.0000
Epoch time taken:  25.196366786956787
val Loss: 0.0571 Acc: 0.0000
Epoch time taken:  28.226550579071045
Epoch 17/149:LR: 0.0001
----------
train Loss: 0.0950 Acc: 0.0000
Epoch time taken:  25.608251810073853
val Loss: 0.0763 Acc: 0.0000
Epoch time taken:  28.61383366584778
Epoch 18/149:LR: 0.0001
----------
train Loss: 0.0891 Acc: 0.0000
Epoch time taken:  25.239963054656982
val Loss: 0.1113 Acc: 0.0000
Epoch time taken:  28.3113751411438
Epoch 19/149:LR: 0.0001
----------
train Loss: 0.0871 Acc: 0.0000
Epoch time taken:  25.087128162384033
val Loss: 0.1417 Acc: 0.0000
Epoch time taken:  28.0801739692688
Epoch 20/149:LR: 0.0001
----------
train Loss: 0.1011 Acc: 0.0000
Epoch time taken:  25.11207890510559
val Loss: 0.0831 Acc: 0.0000
Epoch time taken:  28.206319093704224
Epoch 21/149:LR: 0.0001
----------
train Loss: 0.0885 Acc: 0.0000
Epoch time taken:  32.088844776153564
val Loss: 0.0692 Acc: 0.0000
Epoch time taken:  35.09868907928467
Epoch 22/149:LR: 0.0001
----------
train Loss: 0.0839 Acc: 0.0000
Epoch time taken:  25.2158465385437
val Loss: 0.0796 Acc: 0.0000
Epoch time taken:  28.25235629081726
Epoch 23/149:LR: 0.0001
----------
train Loss: 0.0899 Acc: 0.0000
Epoch time taken:  25.456884622573853
val Loss: 0.1019 Acc: 0.0000
Epoch time taken:  28.502262592315674
Epoch 24/149:LR: 0.0001
----------
train Loss: 0.0917 Acc: 0.0000
Epoch time taken:  25.40173316001892
val Loss: 0.1091 Acc: 0.0000
Epoch time taken:  28.421914100646973
Epoch 25/149:LR: 0.0001
----------
train Loss: 0.0947 Acc: 0.0000
Epoch time taken:  25.24810266494751
val Loss: 0.0767 Acc: 0.0000
Epoch time taken:  28.281535148620605
Epoch 26/149:LR: 0.0001
----------
train Loss: 0.0931 Acc: 0.0000
Epoch time taken:  25.286566972732544
val Loss: 0.0599 Acc: 0.0000
Epoch time taken:  28.23929214477539
Epoch 27/149:LR: 0.0001
----------
train Loss: 0.0838 Acc: 0.0000
Epoch time taken:  25.036237478256226
val Loss: 0.0606 Acc: 0.0000
Epoch time taken:  28.010993003845215
Epoch 28/149:LR: 1e-05
----------
train Loss: 0.0799 Acc: 0.0000
Epoch time taken:  25.20415234565735
val Loss: 0.0596 Acc: 0.0000
Epoch time taken:  28.214410066604614
Epoch 29/149:LR: 1e-05
----------
train Loss: 0.0789 Acc: 0.0000
Epoch time taken:  25.338329792022705
val Loss: 0.0571 Acc: 0.0000
Epoch time taken:  28.352351427078247
Epoch 30/149:LR: 1e-05
----------
train Loss: 0.0782 Acc: 0.0000
Epoch time taken:  25.264070987701416
val Loss: 0.0520 Acc: 0.0000
Epoch time taken:  28.296403408050537
Epoch 31/149:LR: 1e-05
----------
train Loss: 0.0784 Acc: 0.0000
Epoch time taken:  25.438204765319824
val Loss: 0.0559 Acc: 0.0000
Epoch time taken:  28.517178773880005
Epoch 32/149:LR: 1e-05
----------
train Loss: 0.0764 Acc: 0.0000
Epoch time taken:  25.175971746444702
val Loss: 0.0604 Acc: 0.0000
Epoch time taken:  28.154143571853638
Epoch 33/149:LR: 1e-05
----------
train Loss: 0.0795 Acc: 0.0000
Epoch time taken:  25.551055192947388
val Loss: 0.0582 Acc: 0.0000
Epoch time taken:  28.56075429916382
Epoch 34/149:LR: 1e-05
----------
train Loss: 0.0755 Acc: 0.0000
Epoch time taken:  25.531931400299072
val Loss: 0.0561 Acc: 0.0000
Epoch time taken:  28.60791563987732
Epoch 35/149:LR: 1e-05
----------
train Loss: 0.0765 Acc: 0.0000
Epoch time taken:  25.53713607788086
val Loss: 0.0561 Acc: 0.0000
Epoch time taken:  28.795575618743896
Epoch 36/149:LR: 1e-05
----------
train Loss: 0.0740 Acc: 0.0000
Epoch time taken:  25.383109092712402
val Loss: 0.0568 Acc: 0.0000
Epoch time taken:  28.428670644760132
Epoch 37/149:LR: 1e-05
----------
train Loss: 0.0790 Acc: 0.0000
Epoch time taken:  25.065946340560913
val Loss: 0.0580 Acc: 0.0000
Epoch time taken:  28.101430892944336
Epoch 38/149:LR: 1e-05
----------
train Loss: 0.0799 Acc: 0.0000
Epoch time taken:  25.375967979431152
val Loss: 0.0578 Acc: 0.0000
Epoch time taken:  28.391972064971924
Epoch 39/149:LR: 1e-05
----------
train Loss: 0.0759 Acc: 0.0000
Epoch time taken:  25.28533434867859
val Loss: 0.0591 Acc: 0.0000
Epoch time taken:  28.413066625595093
Epoch 40/149:LR: 1e-05
----------
train Loss: 0.0802 Acc: 0.0000
Epoch time taken:  25.205642223358154
val Loss: 0.0604 Acc: 0.0000
Epoch time taken:  28.236388206481934
Epoch 41/149:LR: 1e-05
----------
train Loss: 0.0755 Acc: 0.0000
Epoch time taken:  25.222191095352173
val Loss: 0.0579 Acc: 0.0000
Epoch time taken:  28.24282431602478
Epoch 42/149:LR: 1.0000000000000002e-06
----------
train Loss: 0.0809 Acc: 0.0000
Epoch time taken:  25.605095863342285
val Loss: 0.0575 Acc: 0.0000
Epoch time taken:  28.63044762611389
Epoch 43/149:LR: 1.0000000000000002e-06
----------
train Loss: 0.0792 Acc: 0.0000
Epoch time taken:  25.4185471534729
val Loss: 0.0588 Acc: 0.0000
Epoch time taken:  28.46111750602722
Epoch 44/149:LR: 1.0000000000000002e-06
----------
train Loss: 0.0780 Acc: 0.0000
Epoch time taken:  25.360504150390625
val Loss: 0.0546 Acc: 0.0000
Epoch time taken:  28.443150281906128
Epoch 45/149:LR: 1.0000000000000002e-06
----------
train Loss: 0.0791 Acc: 0.0000
Epoch time taken:  32.25980520248413
val Loss: 0.0576 Acc: 0.0000
Epoch time taken:  35.21699118614197
Epoch 46/149:LR: 1.0000000000000002e-06
----------
train Loss: 0.0792 Acc: 0.0000
Epoch time taken:  25.08515954017639
val Loss: 0.0587 Acc: 0.0000
Epoch time taken:  28.116542100906372
Epoch 47/149:LR: 1.0000000000000002e-06
----------
train Loss: 0.0787 Acc: 0.0000
Epoch time taken:  24.9568829536438
val Loss: 0.0588 Acc: 0.0000
Epoch time taken:  27.944087266921997
Epoch 48/149:LR: 1.0000000000000002e-06
----------
train Loss: 0.0802 Acc: 0.0000
Epoch time taken:  32.15061688423157
val Loss: 0.0542 Acc: 0.0000
Epoch time taken:  35.218936920166016
Epoch 49/149:LR: 1.0000000000000002e-06
----------
train Loss: 0.0782 Acc: 0.0000
Epoch time taken:  32.26555418968201
val Loss: 0.0576 Acc: 0.0000
Epoch time taken:  35.25441884994507
Epoch 50/149:LR: 1.0000000000000002e-06
----------
train Loss: 0.0765 Acc: 0.0000
Epoch time taken:  25.003740310668945
val Loss: 0.0541 Acc: 0.0000
Epoch time taken:  27.99160623550415
Epoch 51/149:LR: 1.0000000000000002e-06
----------
train Loss: 0.0756 Acc: 0.0000
Epoch time taken:  25.344882249832153
val Loss: 0.0556 Acc: 0.0000
Epoch time taken:  28.47039484977722
Epoch 52/149:LR: 1.0000000000000002e-06
----------
train Loss: 0.0787 Acc: 0.0000
Epoch time taken:  25.90064311027527
val Loss: 0.0564 Acc: 0.0000
Epoch time taken:  29.120436429977417
Epoch 53/149:LR: 1.0000000000000002e-07
----------
train Loss: 0.0782 Acc: 0.0000
Epoch time taken:  25.289489269256592
val Loss: 0.0576 Acc: 0.0000
Epoch time taken:  28.274763345718384
Epoch 54/149:LR: 1.0000000000000002e-07
----------
train Loss: 0.0769 Acc: 0.0000
Epoch time taken:  25.233622074127197
val Loss: 0.0561 Acc: 0.0000
Epoch time taken:  28.189525365829468
Epoch 55/149:LR: 1.0000000000000002e-07
----------
train Loss: 0.0785 Acc: 0.0000
Epoch time taken:  25.125436782836914
val Loss: 0.0595 Acc: 0.0000
Epoch time taken:  28.215173482894897
Epoch 56/149:LR: 1.0000000000000002e-07
----------
train Loss: 0.0778 Acc: 0.0000
Epoch time taken:  24.935821533203125
val Loss: 0.0555 Acc: 0.0000
Epoch time taken:  27.98982834815979
Epoch 57/149:LR: 1.0000000000000002e-07
----------
train Loss: 0.0797 Acc: 0.0000
Epoch time taken:  25.165223836898804
val Loss: 0.0572 Acc: 0.0000
Epoch time taken:  28.118755340576172
Epoch 58/149:LR: 1.0000000000000002e-07
----------
train Loss: 0.0782 Acc: 0.0000
Epoch time taken:  32.36439371109009
val Loss: 0.0565 Acc: 0.0000
Epoch time taken:  35.34346604347229
Epoch 59/149:LR: 1.0000000000000002e-07
----------
train Loss: 0.0771 Acc: 0.0000
Epoch time taken:  25.40703582763672
val Loss: 0.0595 Acc: 0.0000
Epoch time taken:  28.664689779281616
Epoch 60/149:LR: 1.0000000000000002e-07
----------
train Loss: 0.0748 Acc: 0.0000
Epoch time taken:  25.174326419830322
val Loss: 0.0633 Acc: 0.0000
Epoch time taken:  28.20838689804077
Epoch 61/149:LR: 1.0000000000000002e-07
----------
train Loss: 0.0771 Acc: 0.0000
Epoch time taken:  25.43416142463684
val Loss: 0.0589 Acc: 0.0000
Epoch time taken:  28.535576820373535
Epoch 62/149:LR: 1.0000000000000002e-07
----------
train Loss: 0.0750 Acc: 0.0000
Epoch time taken:  25.178395986557007
val Loss: 0.0587 Acc: 0.0000
Epoch time taken:  28.20434045791626
Epoch 63/149:LR: 1.0000000000000002e-07
----------
train Loss: 0.0778 Acc: 0.0000
Epoch time taken:  24.895248651504517
val Loss: 0.0608 Acc: 0.0000
Epoch time taken:  27.98101830482483
Epoch 64/149:LR: 1.0000000000000004e-08
----------
train Loss: 0.0771 Acc: 0.0000
Epoch time taken:  25.083855390548706
val Loss: 0.0556 Acc: 0.0000
Epoch time taken:  28.164772987365723
Epoch 65/149:LR: 1.0000000000000004e-08
----------
train Loss: 0.0758 Acc: 0.0000
Epoch time taken:  24.95791983604431
val Loss: 0.0565 Acc: 0.0000
Epoch time taken:  28.011333227157593
Epoch 66/149:LR: 1.0000000000000004e-08
----------
train Loss: 0.0796 Acc: 0.0000
Epoch time taken:  24.98397994041443
val Loss: 0.0546 Acc: 0.0000
Epoch time taken:  27.978103160858154
Epoch 67/149:LR: 1.0000000000000004e-08
----------
train Loss: 0.0753 Acc: 0.0000
Epoch time taken:  25.14364719390869
val Loss: 0.0598 Acc: 0.0000
Epoch time taken:  28.167805910110474
Epoch 68/149:LR: 1.0000000000000004e-08
----------
train Loss: 0.0768 Acc: 0.0000
Epoch time taken:  25.08914542198181
val Loss: 0.0569 Acc: 0.0000
Epoch time taken:  28.127060413360596
Epoch 69/149:LR: 1.0000000000000004e-08
----------
train Loss: 0.0770 Acc: 0.0000
Epoch time taken:  25.068209886550903
val Loss: 0.0609 Acc: 0.0000
Epoch time taken:  28.181177139282227
Epoch 70/149:LR: 1.0000000000000004e-08
----------
train Loss: 0.0780 Acc: 0.0000
Epoch time taken:  25.03314781188965
val Loss: 0.0542 Acc: 0.0000
Epoch time taken:  28.044353723526
Epoch 71/149:LR: 1.0000000000000004e-08
----------
train Loss: 0.0786 Acc: 0.0000
Epoch time taken:  25.25623059272766
val Loss: 0.0587 Acc: 0.0000
Epoch time taken:  28.30354952812195
Epoch 72/149:LR: 1.0000000000000004e-08
----------
train Loss: 0.0783 Acc: 0.0000
Epoch time taken:  25.234163761138916
val Loss: 0.0584 Acc: 0.0000
Epoch time taken:  28.249267101287842
Epoch 73/149:LR: 1.0000000000000004e-08
----------
train Loss: 0.0756 Acc: 0.0000
Epoch time taken:  25.340352296829224
val Loss: 0.0577 Acc: 0.0000
Epoch time taken:  28.39148235321045
Epoch 74/149:LR: 1.0000000000000004e-08
----------
train Loss: 0.0763 Acc: 0.0000
Epoch time taken:  25.538874864578247
val Loss: 0.0605 Acc: 0.0000
Epoch time taken:  28.61814284324646
Epoch 75/149:LR: 1.0000000000000004e-08
----------
train Loss: 0.0747 Acc: 0.0000
Epoch time taken:  25.361022472381592
val Loss: 0.0586 Acc: 0.0000
Epoch time taken:  28.456186771392822
Epoch 76/149:LR: 1.0000000000000004e-08
----------
train Loss: 0.0753 Acc: 0.0000
Epoch time taken:  25.16274905204773
val Loss: 0.0556 Acc: 0.0000
Epoch time taken:  28.18793749809265
Epoch 77/149:LR: 1.0000000000000004e-08
----------
train Loss: 0.0782 Acc: 0.0000
Epoch time taken:  25.31996440887451
val Loss: 0.0564 Acc: 0.0000
Epoch time taken:  28.279003620147705
Epoch 78/149:LR: 1.0000000000000004e-08
----------
train Loss: 0.0769 Acc: 0.0000
Epoch time taken:  25.63320016860962
val Loss: 0.0582 Acc: 0.0000
Epoch time taken:  28.614465475082397
Epoch 79/149:LR: 1.0000000000000004e-08
----------
train Loss: 0.0782 Acc: 0.0000
Epoch time taken:  24.832300662994385
val Loss: 0.0608 Acc: 0.0000
Epoch time taken:  27.806813955307007
Epoch 80/149:LR: 1.0000000000000004e-08
----------
train Loss: 0.0777 Acc: 0.0000
Epoch time taken:  25.167406797409058
val Loss: 0.0636 Acc: 0.0000
Epoch time taken:  28.14467716217041
Epoch 81/149:LR: 1.0000000000000004e-08
----------
train Loss: 0.0764 Acc: 0.0000
Epoch time taken:  25.05145239830017
val Loss: 0.0601 Acc: 0.0000
Epoch time taken:  28.100155115127563
Epoch 82/149:LR: 1.0000000000000004e-08
----------
train Loss: 0.0806 Acc: 0.0000
Epoch time taken:  25.02829146385193
val Loss: 0.0646 Acc: 0.0000
Epoch time taken:  28.10903263092041
Epoch 83/149:LR: 1.0000000000000004e-08
----------
train Loss: 0.0767 Acc: 0.0000
Epoch time taken:  25.04298448562622
val Loss: 0.0601 Acc: 0.0000
Epoch time taken:  28.04442811012268
Epoch 84/149:LR: 1.0000000000000004e-08
----------
train Loss: 0.0797 Acc: 0.0000
Epoch time taken:  25.078155517578125
val Loss: 0.0537 Acc: 0.0000
Epoch time taken:  28.034953832626343
Epoch 85/149:LR: 1.0000000000000004e-08
----------
train Loss: 0.0773 Acc: 0.0000
Epoch time taken:  25.125645399093628
val Loss: 0.0577 Acc: 0.0000
Epoch time taken:  28.17580795288086
Epoch 86/149:LR: 1.0000000000000004e-08
----------
train Loss: 0.0801 Acc: 0.0000
Epoch time taken:  24.864665031433105
val Loss: 0.0558 Acc: 0.0000
Epoch time taken:  27.884026527404785
Epoch 87/149:LR: 1.0000000000000004e-08
----------
train Loss: 0.0803 Acc: 0.0000
Epoch time taken:  25.379485845565796
val Loss: 0.0643 Acc: 0.0000
Epoch time taken:  28.328898668289185
Epoch 88/149:LR: 1.0000000000000004e-08
----------
train Loss: 0.0770 Acc: 0.0000
Epoch time taken:  25.64581608772278
val Loss: 0.0615 Acc: 0.0000
Epoch time taken:  28.755590438842773
Epoch 89/149:LR: 1.0000000000000004e-08
----------
train Loss: 0.0774 Acc: 0.0000
Epoch time taken:  25.453937768936157
val Loss: 0.0555 Acc: 0.0000
Epoch time taken:  28.35222816467285
Epoch 90/149:LR: 1.0000000000000004e-08
----------
train Loss: 0.0777 Acc: 0.0000
Epoch time taken:  24.975879430770874
val Loss: 0.0567 Acc: 0.0000
Epoch time taken:  27.98890972137451
Epoch 91/149:LR: 1.0000000000000004e-08
----------
train Loss: 0.0794 Acc: 0.0000
Epoch time taken:  25.139029502868652
val Loss: 0.0549 Acc: 0.0000
Epoch time taken:  28.202719926834106
Epoch 92/149:LR: 1.0000000000000004e-08
----------
train Loss: 0.0753 Acc: 0.0000
Epoch time taken:  25.250056982040405
val Loss: 0.0603 Acc: 0.0000
Epoch time taken:  28.3339900970459
Epoch 93/149:LR: 1.0000000000000004e-08
----------
train Loss: 0.0748 Acc: 0.0000
Epoch time taken:  25.303420543670654
val Loss: 0.0576 Acc: 0.0000
Epoch time taken:  28.31646490097046
Epoch 94/149:LR: 1.0000000000000004e-08
----------
train Loss: 0.0764 Acc: 0.0000
Epoch time taken:  24.969517469406128
val Loss: 0.0568 Acc: 0.0000
Epoch time taken:  27.969112634658813
Epoch 95/149:LR: 1.0000000000000004e-08
----------
train Loss: 0.0768 Acc: 0.0000
Epoch time taken:  25.131601333618164
val Loss: 0.0550 Acc: 0.0000
Epoch time taken:  28.21220111846924
Epoch 96/149:LR: 1.0000000000000004e-08
----------
train Loss: 0.0762 Acc: 0.0000
Epoch time taken:  24.996418476104736
val Loss: 0.0578 Acc: 0.0000
Epoch time taken:  27.976667642593384
Epoch 97/149:LR: 1.0000000000000004e-08
----------
train Loss: 0.0782 Acc: 0.0000
Epoch time taken:  24.865845203399658
val Loss: 0.0558 Acc: 0.0000
Epoch time taken:  27.85352349281311
Epoch 98/149:LR: 1.0000000000000004e-08
----------
train Loss: 0.0794 Acc: 0.0000
Epoch time taken:  25.043392419815063
val Loss: 0.0580 Acc: 0.0000
Epoch time taken:  28.092612981796265
Epoch 99/149:LR: 1.0000000000000004e-08
----------
train Loss: 0.0756 Acc: 0.0000
Epoch time taken:  25.142582893371582
val Loss: 0.0621 Acc: 0.0000
Epoch time taken:  28.205541372299194
Epoch 100/149:LR: 1.0000000000000004e-08
----------
train Loss: 0.0751 Acc: 0.0000
Epoch time taken:  25.427221298217773
val Loss: 0.0564 Acc: 0.0000
Epoch time taken:  28.397322177886963
Epoch 101/149:LR: 1.0000000000000004e-08
----------
train Loss: 0.0762 Acc: 0.0000
Epoch time taken:  25.02905821800232
val Loss: 0.0579 Acc: 0.0000
Epoch time taken:  28.009737968444824
Epoch 102/149:LR: 1.0000000000000004e-08
----------
train Loss: 0.0784 Acc: 0.0000
Epoch time taken:  25.109479904174805
val Loss: 0.0590 Acc: 0.0000
Epoch time taken:  28.100924968719482
Epoch 103/149:LR: 1.0000000000000004e-08
----------
train Loss: 0.0779 Acc: 0.0000
Epoch time taken:  25.157137870788574
val Loss: 0.0569 Acc: 0.0000
Epoch time taken:  28.186036109924316
Epoch 104/149:LR: 1.0000000000000004e-08
----------
train Loss: 0.0746 Acc: 0.0000
Epoch time taken:  25.40023374557495
val Loss: 0.0575 Acc: 0.0000
Epoch time taken:  28.39704394340515
Epoch 105/149:LR: 1.0000000000000004e-08
----------
train Loss: 0.0737 Acc: 0.0000
Epoch time taken:  25.195005655288696
val Loss: 0.0617 Acc: 0.0000
Epoch time taken:  28.251004457473755
Epoch 106/149:LR: 1.0000000000000004e-08
----------
train Loss: 0.0782 Acc: 0.0000
Epoch time taken:  25.003933906555176
val Loss: 0.0612 Acc: 0.0000
Epoch time taken:  28.077232122421265
Epoch 107/149:LR: 1.0000000000000004e-08
----------
train Loss: 0.0762 Acc: 0.0000
Epoch time taken:  25.209766626358032
val Loss: 0.0595 Acc: 0.0000
Epoch time taken:  28.222265243530273
Epoch 108/149:LR: 1.0000000000000004e-08
----------
train Loss: 0.0783 Acc: 0.0000
Epoch time taken:  24.998984813690186
val Loss: 0.0618 Acc: 0.0000
Epoch time taken:  27.987539529800415
Epoch 109/149:LR: 1.0000000000000004e-08
----------
train Loss: 0.0783 Acc: 0.0000
Epoch time taken:  24.95478892326355
val Loss: 0.0579 Acc: 0.0000
Epoch time taken:  27.986795902252197
Epoch 110/149:LR: 1.0000000000000004e-08
----------
train Loss: 0.0766 Acc: 0.0000
Epoch time taken:  25.26502013206482
val Loss: 0.0556 Acc: 0.0000
Epoch time taken:  28.372840642929077
Epoch 111/149:LR: 1.0000000000000004e-08
----------
train Loss: 0.0783 Acc: 0.0000
Epoch time taken:  25.645406007766724
val Loss: 0.0579 Acc: 0.0000
Epoch time taken:  28.617850303649902
Epoch 112/149:LR: 1.0000000000000004e-08
----------
train Loss: 0.0748 Acc: 0.0000
Epoch time taken:  25.160314559936523
val Loss: 0.0591 Acc: 0.0000
Epoch time taken:  28.17246723175049
Epoch 113/149:LR: 1.0000000000000004e-08
----------
train Loss: 0.0788 Acc: 0.0000
Epoch time taken:  25.62447500228882
val Loss: 0.0591 Acc: 0.0000
Epoch time taken:  28.592830181121826
Epoch 114/149:LR: 1.0000000000000004e-08
----------
train Loss: 0.0774 Acc: 0.0000
Epoch time taken:  25.45154905319214
val Loss: 0.0553 Acc: 0.0000
Epoch time taken:  28.433210849761963
Epoch 115/149:LR: 1.0000000000000004e-08
----------
train Loss: 0.0785 Acc: 0.0000
Epoch time taken:  25.15557551383972
val Loss: 0.0537 Acc: 0.0000
Epoch time taken:  28.159322261810303
Epoch 116/149:LR: 1.0000000000000004e-08
----------
train Loss: 0.0791 Acc: 0.0000
Epoch time taken:  25.69195008277893
val Loss: 0.0546 Acc: 0.0000
Epoch time taken:  28.774041414260864
Epoch 117/149:LR: 1.0000000000000004e-08
----------
train Loss: 0.0788 Acc: 0.0000
Epoch time taken:  25.239615440368652
val Loss: 0.0615 Acc: 0.0000
Epoch time taken:  28.328410387039185
Epoch 118/149:LR: 1.0000000000000004e-08
----------
train Loss: 0.0758 Acc: 0.0000
Epoch time taken:  25.225667238235474
val Loss: 0.0583 Acc: 0.0000
Epoch time taken:  28.28279757499695
Epoch 119/149:LR: 1.0000000000000004e-08
----------
train Loss: 0.0767 Acc: 0.0000
Epoch time taken:  25.199089288711548
val Loss: 0.0576 Acc: 0.0000
Epoch time taken:  28.25209903717041
Epoch 120/149:LR: 1.0000000000000004e-08
----------
train Loss: 0.0764 Acc: 0.0000
Epoch time taken:  24.918139696121216
val Loss: 0.0586 Acc: 0.0000
Epoch time taken:  27.89917492866516
Epoch 121/149:LR: 1.0000000000000004e-08
----------
train Loss: 0.0799 Acc: 0.0000
Epoch time taken:  24.82304883003235
val Loss: 0.0567 Acc: 0.0000
Epoch time taken:  27.863484859466553
Epoch 122/149:LR: 1.0000000000000004e-08
----------
train Loss: 0.0761 Acc: 0.0000
Epoch time taken:  25.39983320236206
val Loss: 0.0588 Acc: 0.0000
Epoch time taken:  28.51810622215271
Epoch 123/149:LR: 1.0000000000000004e-08
----------
train Loss: 0.0776 Acc: 0.0000
Epoch time taken:  25.108450889587402
val Loss: 0.0578 Acc: 0.0000
Epoch time taken:  28.045286893844604
Epoch 124/149:LR: 1.0000000000000004e-08
----------
train Loss: 0.0752 Acc: 0.0000
Epoch time taken:  25.178411960601807
val Loss: 0.0587 Acc: 0.0000
Epoch time taken:  28.21993064880371
Epoch 125/149:LR: 1.0000000000000004e-08
----------
train Loss: 0.0766 Acc: 0.0000
Epoch time taken:  25.86359214782715
val Loss: 0.0596 Acc: 0.0000
Epoch time taken:  28.89970564842224
Epoch 126/149:LR: 1.0000000000000004e-08
----------
train Loss: 0.0746 Acc: 0.0000
Epoch time taken:  25.785728693008423
val Loss: 0.0614 Acc: 0.0000
Epoch time taken:  28.90097212791443
Epoch 127/149:LR: 1.0000000000000004e-08
----------
train Loss: 0.0758 Acc: 0.0000
Epoch time taken:  25.503679990768433
val Loss: 0.0570 Acc: 0.0000
Epoch time taken:  28.50061821937561
Epoch 128/149:LR: 1.0000000000000004e-08
----------
train Loss: 0.0771 Acc: 0.0000
Epoch time taken:  25.62709927558899
val Loss: 0.0573 Acc: 0.0000
Epoch time taken:  28.655633687973022
Epoch 129/149:LR: 1.0000000000000004e-08
----------
train Loss: 0.0766 Acc: 0.0000
Epoch time taken:  25.21465516090393
val Loss: 0.0608 Acc: 0.0000
Epoch time taken:  28.375604152679443
Epoch 130/149:LR: 1.0000000000000004e-08
----------
train Loss: 0.0802 Acc: 0.0000
Epoch time taken:  25.073808670043945
val Loss: 0.0624 Acc: 0.0000
Epoch time taken:  28.12139368057251
Epoch 131/149:LR: 1.0000000000000004e-08
----------
train Loss: 0.0771 Acc: 0.0000
Epoch time taken:  25.166558980941772
val Loss: 0.0628 Acc: 0.0000
Epoch time taken:  28.28488302230835
Epoch 132/149:LR: 1.0000000000000004e-08
----------
train Loss: 0.0778 Acc: 0.0000
Epoch time taken:  25.17845916748047
val Loss: 0.0615 Acc: 0.0000
Epoch time taken:  28.194395065307617
Epoch 133/149:LR: 1.0000000000000004e-08
----------
train Loss: 0.0782 Acc: 0.0000
Epoch time taken:  25.013534784317017
val Loss: 0.0631 Acc: 0.0000
Epoch time taken:  28.021685361862183
Epoch 134/149:LR: 1.0000000000000004e-08
----------
train Loss: 0.0783 Acc: 0.0000
Epoch time taken:  25.157487154006958
val Loss: 0.0571 Acc: 0.0000
Epoch time taken:  28.1767680644989
Epoch 135/149:LR: 1.0000000000000004e-08
----------
train Loss: 0.0798 Acc: 0.0000
Epoch time taken:  25.19008779525757
val Loss: 0.0593 Acc: 0.0000
Epoch time taken:  28.173898458480835
Epoch 136/149:LR: 1.0000000000000004e-08
----------
train Loss: 0.0777 Acc: 0.0000
Epoch time taken:  25.33350968360901
val Loss: 0.0621 Acc: 0.0000
Epoch time taken:  28.36258053779602
Epoch 137/149:LR: 1.0000000000000004e-08
----------
train Loss: 0.0782 Acc: 0.0000
Epoch time taken:  25.24739980697632
val Loss: 0.0595 Acc: 0.0000
Epoch time taken:  28.35382580757141
Epoch 138/149:LR: 1.0000000000000004e-08
----------
train Loss: 0.0784 Acc: 0.0000
Epoch time taken:  25.369001626968384
val Loss: 0.0569 Acc: 0.0000
Epoch time taken:  28.44585871696472
Epoch 139/149:LR: 1.0000000000000004e-08
----------
train Loss: 0.0791 Acc: 0.0000
Epoch time taken:  25.586236715316772
val Loss: 0.0603 Acc: 0.0000
Epoch time taken:  28.652480363845825
Epoch 140/149:LR: 1.0000000000000004e-08
----------
train Loss: 0.0779 Acc: 0.0000
Epoch time taken:  25.490750551223755
val Loss: 0.0592 Acc: 0.0000
Epoch time taken:  28.464635372161865
Epoch 141/149:LR: 1.0000000000000004e-08
----------
train Loss: 0.0782 Acc: 0.0000
Epoch time taken:  25.167104482650757
val Loss: 0.0554 Acc: 0.0000
Epoch time taken:  28.24323606491089
Epoch 142/149:LR: 1.0000000000000004e-08
----------
train Loss: 0.0797 Acc: 0.0000
Epoch time taken:  25.17139720916748
val Loss: 0.0581 Acc: 0.0000
Epoch time taken:  28.183253288269043
Epoch 143/149:LR: 1.0000000000000004e-08
----------
train Loss: 0.0762 Acc: 0.0000
Epoch time taken:  25.07132053375244
val Loss: 0.0561 Acc: 0.0000
Epoch time taken:  28.056023359298706
Epoch 144/149:LR: 1.0000000000000004e-08
----------
train Loss: 0.0778 Acc: 0.0000
Epoch time taken:  24.543663024902344
val Loss: 0.0582 Acc: 0.0000
Epoch time taken:  27.280518531799316
Epoch 145/149:LR: 1.0000000000000004e-08
----------
train Loss: 0.0784 Acc: 0.0000
Epoch time taken:  23.47694444656372
val Loss: 0.0592 Acc: 0.0000
Epoch time taken:  26.220650672912598
Epoch 146/149:LR: 1.0000000000000004e-08
----------
train Loss: 0.0762 Acc: 0.0000
Epoch time taken:  23.58305597305298
val Loss: 0.0583 Acc: 0.0000
Epoch time taken:  26.329145193099976
Epoch 147/149:LR: 1.0000000000000004e-08
----------
train Loss: 0.0767 Acc: 0.0000
Epoch time taken:  23.52362084388733
val Loss: 0.0583 Acc: 0.0000
Epoch time taken:  26.25297999382019
Epoch 148/149:LR: 1.0000000000000004e-08
----------
train Loss: 0.0790 Acc: 0.0000
Epoch time taken:  23.589205265045166
val Loss: 0.0554 Acc: 0.0000
Epoch time taken:  26.31404209136963
Epoch 149/149:LR: 1.0000000000000004e-08
----------
train Loss: 0.0751 Acc: 0.0000
Epoch time taken:  23.618453979492188
val Loss: 0.0573 Acc: 0.0000
Epoch time taken:  26.390997171401978
Training complete in 72m 41s
Best val Acc: 0.051996
