872
cuda:1
Epoch 0/149:LR: 0.0001
----------
train Loss: 1.0652 Acc: 0.0000
Epoch time taken:  32.01530885696411
val Loss: 0.6915 Acc: 0.0000
Epoch time taken:  34.698282957077026
Epoch 1/149:LR: 0.0001
----------
train Loss: 0.1561 Acc: 0.0000
Epoch time taken:  27.743839740753174
val Loss: 0.0779 Acc: 0.0000
Epoch time taken:  32.004514932632446
Epoch 2/149:LR: 0.0001
----------
train Loss: 0.0983 Acc: 0.0000
Epoch time taken:  25.354540824890137
val Loss: 0.1033 Acc: 0.0000
Epoch time taken:  27.962716341018677
Epoch 3/149:LR: 0.0001
----------
train Loss: 0.0972 Acc: 0.0000
Epoch time taken:  31.854228496551514
val Loss: 0.0630 Acc: 0.0000
Epoch time taken:  34.39492750167847
Epoch 4/149:LR: 0.0001
----------
train Loss: 0.0864 Acc: 0.0000
Epoch time taken:  32.032742977142334
val Loss: 0.1011 Acc: 0.0000
Epoch time taken:  34.55299258232117
Epoch 5/149:LR: 0.0001
----------
train Loss: 0.0920 Acc: 0.0000
Epoch time taken:  31.84358048439026
val Loss: 0.1052 Acc: 0.0000
Epoch time taken:  34.38024640083313
Epoch 6/149:LR: 0.0001
----------
train Loss: 0.0982 Acc: 0.0000
Epoch time taken:  24.499852418899536
val Loss: 0.0811 Acc: 0.0000
Epoch time taken:  27.100454568862915
Epoch 7/149:LR: 0.0001
----------
train Loss: 0.0965 Acc: 0.0000
Epoch time taken:  25.000104427337646
val Loss: 0.0730 Acc: 0.0000
Epoch time taken:  27.596176385879517
Epoch 8/149:LR: 0.0001
----------
train Loss: 0.0949 Acc: 0.0000
Epoch time taken:  24.504022359848022
val Loss: 0.0723 Acc: 0.0000
Epoch time taken:  27.047738790512085
Epoch 9/149:LR: 0.0001
----------
train Loss: 0.0887 Acc: 0.0000
Epoch time taken:  24.610198974609375
val Loss: 0.0731 Acc: 0.0000
Epoch time taken:  27.121790409088135
Epoch 10/149:LR: 0.0001
----------
train Loss: 0.0860 Acc: 0.0000
Epoch time taken:  24.69777774810791
val Loss: 0.0682 Acc: 0.0000
Epoch time taken:  27.33230185508728
Epoch 11/149:LR: 0.0001
----------
train Loss: 0.0920 Acc: 0.0000
Epoch time taken:  24.995790719985962
val Loss: 0.0656 Acc: 0.0000
Epoch time taken:  27.673028707504272
Epoch 12/149:LR: 0.0001
----------
train Loss: 0.0933 Acc: 0.0000
Epoch time taken:  24.94683814048767
val Loss: 0.0606 Acc: 0.0000
Epoch time taken:  27.529897928237915
Epoch 13/149:LR: 0.0001
----------
train Loss: 0.1048 Acc: 0.0000
Epoch time taken:  32.010433197021484
val Loss: 0.0728 Acc: 0.0000
Epoch time taken:  34.63215684890747
Epoch 14/149:LR: 0.0001
----------
train Loss: 0.0873 Acc: 0.0000
Epoch time taken:  24.512213706970215
val Loss: 0.0795 Acc: 0.0000
Epoch time taken:  27.075410842895508
Epoch 15/149:LR: 0.0001
----------
train Loss: 0.0910 Acc: 0.0000
Epoch time taken:  24.76108455657959
val Loss: 0.0615 Acc: 0.0000
Epoch time taken:  27.292590856552124
Epoch 16/149:LR: 0.0001
----------
train Loss: 0.0941 Acc: 0.0000
Epoch time taken:  24.85250997543335
val Loss: 0.0768 Acc: 0.0000
Epoch time taken:  27.443702936172485
Epoch 17/149:LR: 0.0001
----------
train Loss: 0.0892 Acc: 0.0000
Epoch time taken:  25.015088081359863
val Loss: 0.0640 Acc: 0.0000
Epoch time taken:  27.59647011756897
Epoch 18/149:LR: 0.0001
----------
train Loss: 0.0867 Acc: 0.0000
Epoch time taken:  32.04638624191284
val Loss: 0.0616 Acc: 0.0000
Epoch time taken:  34.678367376327515
Epoch 19/149:LR: 0.0001
----------
train Loss: 0.0868 Acc: 0.0000
Epoch time taken:  25.016903162002563
val Loss: 0.0614 Acc: 0.0000
Epoch time taken:  27.55060911178589
Epoch 20/149:LR: 0.0001
----------
train Loss: 0.0902 Acc: 0.0000
Epoch time taken:  24.673455238342285
val Loss: 0.0621 Acc: 0.0000
Epoch time taken:  27.167669773101807
Epoch 21/149:LR: 0.0001
----------
train Loss: 0.0884 Acc: 0.0000
Epoch time taken:  24.622997283935547
val Loss: 0.0727 Acc: 0.0000
Epoch time taken:  27.20644235610962
Epoch 22/149:LR: 0.0001
----------
train Loss: 0.0878 Acc: 0.0000
Epoch time taken:  24.782389879226685
val Loss: 0.0547 Acc: 0.0000
Epoch time taken:  27.271514177322388
Epoch 23/149:LR: 0.0001
----------
train Loss: 0.0863 Acc: 0.0000
Epoch time taken:  24.708845853805542
val Loss: 0.0970 Acc: 0.0000
Epoch time taken:  27.245940446853638
Epoch 24/149:LR: 0.0001
----------
train Loss: 0.0880 Acc: 0.0000
Epoch time taken:  24.83327078819275
val Loss: 0.0702 Acc: 0.0000
Epoch time taken:  27.42804503440857
Epoch 25/149:LR: 0.0001
----------
train Loss: 0.0938 Acc: 0.0000
Epoch time taken:  25.120012283325195
val Loss: 0.0676 Acc: 0.0000
Epoch time taken:  27.62242865562439
Epoch 26/149:LR: 0.0001
----------
train Loss: 0.0886 Acc: 0.0000
Epoch time taken:  25.223968982696533
val Loss: 0.0606 Acc: 0.0000
Epoch time taken:  27.743380069732666
Epoch 27/149:LR: 0.0001
----------
train Loss: 0.0851 Acc: 0.0000
Epoch time taken:  25.04520535469055
val Loss: 0.0673 Acc: 0.0000
Epoch time taken:  27.567359685897827
Epoch 28/149:LR: 0.0001
----------
train Loss: 0.0916 Acc: 0.0000
Epoch time taken:  24.88340663909912
val Loss: 0.0562 Acc: 0.0000
Epoch time taken:  27.431650400161743
Epoch 29/149:LR: 0.0001
----------
train Loss: 0.0887 Acc: 0.0000
Epoch time taken:  24.803151845932007
val Loss: 0.0686 Acc: 0.0000
Epoch time taken:  27.402342319488525
Epoch 30/149:LR: 0.0001
----------
train Loss: 0.0859 Acc: 0.0000
Epoch time taken:  24.748090982437134
val Loss: 0.0555 Acc: 0.0000
Epoch time taken:  27.31760048866272
Epoch 31/149:LR: 0.0001
----------
train Loss: 0.0866 Acc: 0.0000
Epoch time taken:  24.700820684432983
val Loss: 0.0716 Acc: 0.0000
Epoch time taken:  27.484357118606567
Epoch 32/149:LR: 0.0001
----------
train Loss: 0.0798 Acc: 0.0000
Epoch time taken:  31.592023372650146
val Loss: 0.0592 Acc: 0.0000
Epoch time taken:  34.13123178482056
Epoch 33/149:LR: 0.0001
----------
train Loss: 0.0882 Acc: 0.0000
Epoch time taken:  32.03605246543884
val Loss: 0.0583 Acc: 0.0000
Epoch time taken:  34.66570067405701
Epoch 34/149:LR: 1e-05
----------
train Loss: 0.0790 Acc: 0.0000
Epoch time taken:  24.919315099716187
val Loss: 0.0559 Acc: 0.0000
Epoch time taken:  27.480924367904663
Epoch 35/149:LR: 1e-05
----------
train Loss: 0.0781 Acc: 0.0000
Epoch time taken:  25.160491466522217
val Loss: 0.0560 Acc: 0.0000
Epoch time taken:  27.754574060440063
Epoch 36/149:LR: 1e-05
----------
train Loss: 0.0771 Acc: 0.0000
Epoch time taken:  24.93510627746582
val Loss: 0.0585 Acc: 0.0000
Epoch time taken:  27.49901795387268
Epoch 37/149:LR: 1e-05
----------
train Loss: 0.0766 Acc: 0.0000
Epoch time taken:  24.89669179916382
val Loss: 0.0568 Acc: 0.0000
Epoch time taken:  27.442989587783813
Epoch 38/149:LR: 1e-05
----------
train Loss: 0.0780 Acc: 0.0000
Epoch time taken:  25.147843599319458
val Loss: 0.0569 Acc: 0.0000
Epoch time taken:  27.806623220443726
Epoch 39/149:LR: 1e-05
----------
train Loss: 0.0768 Acc: 0.0000
Epoch time taken:  24.789284229278564
val Loss: 0.0555 Acc: 0.0000
Epoch time taken:  27.363094091415405
Epoch 40/149:LR: 1e-05
----------
train Loss: 0.0761 Acc: 0.0000
Epoch time taken:  24.96790313720703
val Loss: 0.0578 Acc: 0.0000
Epoch time taken:  27.47640562057495
Epoch 41/149:LR: 1e-05
----------
train Loss: 0.0790 Acc: 0.0000
Epoch time taken:  24.730942964553833
val Loss: 0.0584 Acc: 0.0000
Epoch time taken:  27.36369228363037
Epoch 42/149:LR: 1e-05
----------
train Loss: 0.0751 Acc: 0.0000
Epoch time taken:  24.887799978256226
val Loss: 0.0560 Acc: 0.0000
Epoch time taken:  27.465156078338623
Epoch 43/149:LR: 1e-05
----------
train Loss: 0.0780 Acc: 0.0000
Epoch time taken:  24.805684328079224
val Loss: 0.0551 Acc: 0.0000
Epoch time taken:  27.38539481163025
Epoch 44/149:LR: 1e-05
----------
train Loss: 0.0782 Acc: 0.0000
Epoch time taken:  25.131608247756958
val Loss: 0.0577 Acc: 0.0000
Epoch time taken:  27.781086683273315
Epoch 45/149:LR: 1.0000000000000002e-06
----------
train Loss: 0.0778 Acc: 0.0000
Epoch time taken:  25.09245467185974
val Loss: 0.0589 Acc: 0.0000
Epoch time taken:  27.716294765472412
Epoch 46/149:LR: 1.0000000000000002e-06
----------
train Loss: 0.0772 Acc: 0.0000
Epoch time taken:  25.289463758468628
val Loss: 0.0560 Acc: 0.0000
Epoch time taken:  27.86985492706299
Epoch 47/149:LR: 1.0000000000000002e-06
----------
train Loss: 0.0752 Acc: 0.0000
Epoch time taken:  24.839240312576294
val Loss: 0.0546 Acc: 0.0000
Epoch time taken:  27.47561526298523
Epoch 48/149:LR: 1.0000000000000002e-06
----------
train Loss: 0.0766 Acc: 0.0000
Epoch time taken:  24.630945444107056
val Loss: 0.0580 Acc: 0.0000
Epoch time taken:  27.17195725440979
Epoch 49/149:LR: 1.0000000000000002e-06
----------
train Loss: 0.0743 Acc: 0.0000
Epoch time taken:  24.67075276374817
val Loss: 0.0558 Acc: 0.0000
Epoch time taken:  27.20094633102417
Epoch 50/149:LR: 1.0000000000000002e-06
----------
train Loss: 0.0741 Acc: 0.0000
Epoch time taken:  24.482229471206665
val Loss: 0.0531 Acc: 0.0000
Epoch time taken:  26.989838123321533
Epoch 51/149:LR: 1.0000000000000002e-06
----------
train Loss: 0.0782 Acc: 0.0000
Epoch time taken:  24.78342056274414
val Loss: 0.0521 Acc: 0.0000
Epoch time taken:  27.321025609970093
Epoch 52/149:LR: 1.0000000000000002e-06
----------
train Loss: 0.0767 Acc: 0.0000
Epoch time taken:  24.85250473022461
val Loss: 0.0529 Acc: 0.0000
Epoch time taken:  27.375519514083862
Epoch 53/149:LR: 1.0000000000000002e-06
----------
train Loss: 0.0782 Acc: 0.0000
Epoch time taken:  24.558610916137695
val Loss: 0.0539 Acc: 0.0000
Epoch time taken:  27.09730625152588
Epoch 54/149:LR: 1.0000000000000002e-06
----------
train Loss: 0.0779 Acc: 0.0000
Epoch time taken:  25.162779331207275
val Loss: 0.0554 Acc: 0.0000
Epoch time taken:  27.767670154571533
Epoch 55/149:LR: 1.0000000000000002e-06
----------
train Loss: 0.0787 Acc: 0.0000
Epoch time taken:  25.694843769073486
val Loss: 0.0547 Acc: 0.0000
Epoch time taken:  28.199904680252075
Epoch 56/149:LR: 1.0000000000000002e-06
----------
train Loss: 0.0762 Acc: 0.0000
Epoch time taken:  24.740201950073242
val Loss: 0.0581 Acc: 0.0000
Epoch time taken:  27.26455330848694
Epoch 57/149:LR: 1.0000000000000002e-06
----------
train Loss: 0.0775 Acc: 0.0000
Epoch time taken:  24.750601053237915
val Loss: 0.0548 Acc: 0.0000
Epoch time taken:  27.30545949935913
Epoch 58/149:LR: 1.0000000000000002e-06
----------
train Loss: 0.0804 Acc: 0.0000
Epoch time taken:  24.603920698165894
val Loss: 0.0532 Acc: 0.0000
Epoch time taken:  27.171000480651855
Epoch 59/149:LR: 1.0000000000000002e-06
----------
train Loss: 0.0782 Acc: 0.0000
Epoch time taken:  24.608991622924805
val Loss: 0.0562 Acc: 0.0000
Epoch time taken:  27.164308786392212
Epoch 60/149:LR: 1.0000000000000002e-06
----------
train Loss: 0.0788 Acc: 0.0000
Epoch time taken:  24.794541120529175
val Loss: 0.0505 Acc: 0.0000
Epoch time taken:  27.308337926864624
Epoch 61/149:LR: 1.0000000000000002e-06
----------
train Loss: 0.0756 Acc: 0.0000
Epoch time taken:  24.790565967559814
val Loss: 0.0566 Acc: 0.0000
Epoch time taken:  27.36419439315796
Epoch 62/149:LR: 1.0000000000000002e-06
----------
train Loss: 0.0751 Acc: 0.0000
Epoch time taken:  25.106435298919678
val Loss: 0.0586 Acc: 0.0000
Epoch time taken:  27.658318519592285
Epoch 63/149:LR: 1.0000000000000002e-06
----------
train Loss: 0.0771 Acc: 0.0000
Epoch time taken:  24.967720985412598
val Loss: 0.0572 Acc: 0.0000
Epoch time taken:  27.595715522766113
Epoch 64/149:LR: 1.0000000000000002e-06
----------
train Loss: 0.0764 Acc: 0.0000
Epoch time taken:  24.74396300315857
val Loss: 0.0550 Acc: 0.0000
Epoch time taken:  27.35395836830139
Epoch 65/149:LR: 1.0000000000000002e-06
----------
train Loss: 0.0770 Acc: 0.0000
Epoch time taken:  24.608500719070435
val Loss: 0.0580 Acc: 0.0000
Epoch time taken:  27.18463921546936
Epoch 66/149:LR: 1.0000000000000002e-06
----------
train Loss: 0.0778 Acc: 0.0000
Epoch time taken:  24.506467580795288
val Loss: 0.0549 Acc: 0.0000
Epoch time taken:  27.12004828453064
Epoch 67/149:LR: 1.0000000000000002e-06
----------
train Loss: 0.0748 Acc: 0.0000
Epoch time taken:  24.533536911010742
val Loss: 0.0574 Acc: 0.0000
Epoch time taken:  27.077125549316406
Epoch 68/149:LR: 1.0000000000000002e-06
----------
train Loss: 0.0754 Acc: 0.0000
Epoch time taken:  24.484578132629395
val Loss: 0.0536 Acc: 0.0000
Epoch time taken:  27.089868545532227
Epoch 69/149:LR: 1.0000000000000002e-06
----------
train Loss: 0.0756 Acc: 0.0000
Epoch time taken:  24.566938161849976
val Loss: 0.0550 Acc: 0.0000
Epoch time taken:  27.080084085464478
Epoch 70/149:LR: 1.0000000000000002e-06
----------
train Loss: 0.0772 Acc: 0.0000
Epoch time taken:  24.806008100509644
val Loss: 0.0557 Acc: 0.0000
Epoch time taken:  27.350640296936035
Epoch 71/149:LR: 1.0000000000000002e-06
----------
train Loss: 0.0761 Acc: 0.0000
Epoch time taken:  24.640076637268066
val Loss: 0.0564 Acc: 0.0000
Epoch time taken:  27.159841775894165
Epoch 72/149:LR: 1.0000000000000002e-07
----------
train Loss: 0.0744 Acc: 0.0000
Epoch time taken:  24.69283676147461
val Loss: 0.0573 Acc: 0.0000
Epoch time taken:  27.279550790786743
Epoch 73/149:LR: 1.0000000000000002e-07
----------
train Loss: 0.0738 Acc: 0.0000
Epoch time taken:  24.761496543884277
val Loss: 0.0566 Acc: 0.0000
Epoch time taken:  27.2763512134552
Epoch 74/149:LR: 1.0000000000000002e-07
----------
train Loss: 0.0779 Acc: 0.0000
Epoch time taken:  24.812073945999146
val Loss: 0.0570 Acc: 0.0000
Epoch time taken:  27.374378204345703
Epoch 75/149:LR: 1.0000000000000002e-07
----------
train Loss: 0.0741 Acc: 0.0000
Epoch time taken:  24.696510791778564
val Loss: 0.0550 Acc: 0.0000
Epoch time taken:  27.343472480773926
Epoch 76/149:LR: 1.0000000000000002e-07
----------
train Loss: 0.0750 Acc: 0.0000
Epoch time taken:  24.815805435180664
val Loss: 0.0562 Acc: 0.0000
Epoch time taken:  27.508649349212646
Epoch 77/149:LR: 1.0000000000000002e-07
----------
train Loss: 0.0730 Acc: 0.0000
Epoch time taken:  25.023797512054443
val Loss: 0.0562 Acc: 0.0000
Epoch time taken:  27.59501051902771
Epoch 78/149:LR: 1.0000000000000002e-07
----------
train Loss: 0.0749 Acc: 0.0000
Epoch time taken:  24.87390637397766
val Loss: 0.0525 Acc: 0.0000
Epoch time taken:  27.512921571731567
Epoch 79/149:LR: 1.0000000000000002e-07
----------
train Loss: 0.0754 Acc: 0.0000
Epoch time taken:  24.81901979446411
val Loss: 0.0539 Acc: 0.0000
Epoch time taken:  27.373318433761597
Epoch 80/149:LR: 1.0000000000000002e-07
----------
train Loss: 0.0763 Acc: 0.0000
Epoch time taken:  25.037216186523438
val Loss: 0.0546 Acc: 0.0000
Epoch time taken:  27.603758335113525
Epoch 81/149:LR: 1.0000000000000002e-07
----------
train Loss: 0.0783 Acc: 0.0000
Epoch time taken:  25.349804878234863
val Loss: 0.0518 Acc: 0.0000
Epoch time taken:  27.948620557785034
Epoch 82/149:LR: 1.0000000000000002e-07
----------
train Loss: 0.0776 Acc: 0.0000
Epoch time taken:  24.88447093963623
val Loss: 0.0548 Acc: 0.0000
Epoch time taken:  27.41893196105957
Epoch 83/149:LR: 1.0000000000000004e-08
----------
train Loss: 0.0773 Acc: 0.0000
Epoch time taken:  24.521663188934326
val Loss: 0.0559 Acc: 0.0000
Epoch time taken:  27.138765335083008
Epoch 84/149:LR: 1.0000000000000004e-08
----------
train Loss: 0.0790 Acc: 0.0000
Epoch time taken:  24.64615750312805
val Loss: 0.0545 Acc: 0.0000
Epoch time taken:  27.229820013046265
Epoch 85/149:LR: 1.0000000000000004e-08
----------
train Loss: 0.0770 Acc: 0.0000
Epoch time taken:  24.613953590393066
val Loss: 0.0566 Acc: 0.0000
Epoch time taken:  27.139422178268433
Epoch 86/149:LR: 1.0000000000000004e-08
----------
train Loss: 0.0744 Acc: 0.0000
Epoch time taken:  24.614701747894287
val Loss: 0.0559 Acc: 0.0000
Epoch time taken:  27.204517602920532
Epoch 87/149:LR: 1.0000000000000004e-08
----------
train Loss: 0.0748 Acc: 0.0000
Epoch time taken:  24.67563247680664
val Loss: 0.0573 Acc: 0.0000
Epoch time taken:  27.340096950531006
Epoch 88/149:LR: 1.0000000000000004e-08
----------
train Loss: 0.0772 Acc: 0.0000
Epoch time taken:  24.546547174453735
val Loss: 0.0550 Acc: 0.0000
Epoch time taken:  27.073187828063965
Epoch 89/149:LR: 1.0000000000000004e-08
----------
train Loss: 0.0760 Acc: 0.0000
Epoch time taken:  24.689590215682983
val Loss: 0.0557 Acc: 0.0000
Epoch time taken:  27.23322558403015
Epoch 90/149:LR: 1.0000000000000004e-08
----------
train Loss: 0.0755 Acc: 0.0000
Epoch time taken:  24.662015914916992
val Loss: 0.0562 Acc: 0.0000
Epoch time taken:  27.157749891281128
Epoch 91/149:LR: 1.0000000000000004e-08
----------
train Loss: 0.0759 Acc: 0.0000
Epoch time taken:  25.22189998626709
val Loss: 0.0527 Acc: 0.0000
Epoch time taken:  27.857145309448242
Epoch 92/149:LR: 1.0000000000000004e-08
----------
train Loss: 0.0771 Acc: 0.0000
Epoch time taken:  25.23953366279602
val Loss: 0.0556 Acc: 0.0000
Epoch time taken:  27.80059051513672
Epoch 93/149:LR: 1.0000000000000004e-08
----------
train Loss: 0.0734 Acc: 0.0000
Epoch time taken:  25.21119713783264
val Loss: 0.0512 Acc: 0.0000
Epoch time taken:  27.7877779006958
Epoch 94/149:LR: 1.0000000000000004e-08
----------
train Loss: 0.0758 Acc: 0.0000
Epoch time taken:  24.53962779045105
val Loss: 0.0584 Acc: 0.0000
Epoch time taken:  27.047388076782227
Epoch 95/149:LR: 1.0000000000000004e-08
----------
train Loss: 0.0743 Acc: 0.0000
Epoch time taken:  24.807775259017944
val Loss: 0.0562 Acc: 0.0000
Epoch time taken:  27.438353776931763
Epoch 96/149:LR: 1.0000000000000004e-08
----------
train Loss: 0.0746 Acc: 0.0000
Epoch time taken:  24.824076652526855
val Loss: 0.0573 Acc: 0.0000
Epoch time taken:  27.498046398162842
Epoch 97/149:LR: 1.0000000000000004e-08
----------
train Loss: 0.0770 Acc: 0.0000
Epoch time taken:  24.70521116256714
val Loss: 0.0561 Acc: 0.0000
Epoch time taken:  27.219910621643066
Epoch 98/149:LR: 1.0000000000000004e-08
----------
train Loss: 0.0769 Acc: 0.0000
Epoch time taken:  24.412585020065308
val Loss: 0.0549 Acc: 0.0000
Epoch time taken:  27.059007167816162
Epoch 99/149:LR: 1.0000000000000004e-08
----------
train Loss: 0.0765 Acc: 0.0000
Epoch time taken:  24.7575466632843
val Loss: 0.0558 Acc: 0.0000
Epoch time taken:  27.371267318725586
Epoch 100/149:LR: 1.0000000000000004e-08
----------
train Loss: 0.0764 Acc: 0.0000
Epoch time taken:  24.553895950317383
val Loss: 0.0589 Acc: 0.0000
Epoch time taken:  27.06464409828186
Epoch 101/149:LR: 1.0000000000000004e-08
----------
train Loss: 0.0768 Acc: 0.0000
Epoch time taken:  24.386356115341187
val Loss: 0.0548 Acc: 0.0000
Epoch time taken:  26.94345736503601
Epoch 102/149:LR: 1.0000000000000004e-08
----------
train Loss: 0.0805 Acc: 0.0000
Epoch time taken:  24.652748107910156
val Loss: 0.0566 Acc: 0.0000
Epoch time taken:  27.18994116783142
Epoch 103/149:LR: 1.0000000000000004e-08
----------
train Loss: 0.0745 Acc: 0.0000
Epoch time taken:  24.841290712356567
val Loss: 0.0595 Acc: 0.0000
Epoch time taken:  27.353855848312378
Epoch 104/149:LR: 1.0000000000000004e-08
----------
train Loss: 0.0757 Acc: 0.0000
Epoch time taken:  25.003796577453613
val Loss: 0.0579 Acc: 0.0000
Epoch time taken:  27.48856806755066
Epoch 105/149:LR: 1.0000000000000004e-08
----------
train Loss: 0.0760 Acc: 0.0000
Epoch time taken:  24.422332048416138
val Loss: 0.0512 Acc: 0.0000
Epoch time taken:  26.96550488471985
Epoch 106/149:LR: 1.0000000000000004e-08
----------
train Loss: 0.0782 Acc: 0.0000
Epoch time taken:  24.68337631225586
val Loss: 0.0602 Acc: 0.0000
Epoch time taken:  27.202794075012207
Epoch 107/149:LR: 1.0000000000000004e-08
----------
train Loss: 0.0744 Acc: 0.0000
Epoch time taken:  24.784783363342285
val Loss: 0.0531 Acc: 0.0000
Epoch time taken:  27.314902782440186
Epoch 108/149:LR: 1.0000000000000004e-08
----------
train Loss: 0.0768 Acc: 0.0000
Epoch time taken:  24.878742933273315
val Loss: 0.0520 Acc: 0.0000
Epoch time taken:  27.4471435546875
Epoch 109/149:LR: 1.0000000000000004e-08
----------
train Loss: 0.0770 Acc: 0.0000
Epoch time taken:  24.763577222824097
val Loss: 0.0535 Acc: 0.0000
Epoch time taken:  27.29167914390564
Epoch 110/149:LR: 1.0000000000000004e-08
----------
train Loss: 0.0778 Acc: 0.0000
Epoch time taken:  24.589935064315796
val Loss: 0.0546 Acc: 0.0000
Epoch time taken:  27.164844036102295
Epoch 111/149:LR: 1.0000000000000004e-08
----------
train Loss: 0.0762 Acc: 0.0000
Epoch time taken:  24.858694314956665
val Loss: 0.0581 Acc: 0.0000
Epoch time taken:  27.38404655456543
Epoch 112/149:LR: 1.0000000000000004e-08
----------
train Loss: 0.0756 Acc: 0.0000
Epoch time taken:  24.561541080474854
val Loss: 0.0564 Acc: 0.0000
Epoch time taken:  27.07475185394287
Epoch 113/149:LR: 1.0000000000000004e-08
----------
train Loss: 0.0757 Acc: 0.0000
Epoch time taken:  24.628549814224243
val Loss: 0.0582 Acc: 0.0000
Epoch time taken:  27.154383182525635
Epoch 114/149:LR: 1.0000000000000004e-08
----------
train Loss: 0.0765 Acc: 0.0000
Epoch time taken:  24.738996267318726
val Loss: 0.0590 Acc: 0.0000
Epoch time taken:  27.32624387741089
Epoch 115/149:LR: 1.0000000000000004e-08
----------
train Loss: 0.0779 Acc: 0.0000
Epoch time taken:  25.05778741836548
val Loss: 0.0533 Acc: 0.0000
Epoch time taken:  27.70585560798645
Epoch 116/149:LR: 1.0000000000000004e-08
----------
train Loss: 0.0758 Acc: 0.0000
Epoch time taken:  24.73610258102417
val Loss: 0.0546 Acc: 0.0000
Epoch time taken:  27.316580533981323
Epoch 117/149:LR: 1.0000000000000004e-08
----------
train Loss: 0.0742 Acc: 0.0000
Epoch time taken:  24.888492345809937
val Loss: 0.0570 Acc: 0.0000
Epoch time taken:  27.45262575149536
Epoch 118/149:LR: 1.0000000000000004e-08
----------
train Loss: 0.0771 Acc: 0.0000
Epoch time taken:  25.135406732559204
val Loss: 0.0548 Acc: 0.0000
Epoch time taken:  27.644057035446167
Epoch 119/149:LR: 1.0000000000000004e-08
----------
train Loss: 0.0764 Acc: 0.0000
Epoch time taken:  24.867969036102295
val Loss: 0.0569 Acc: 0.0000
Epoch time taken:  27.385231971740723
Epoch 120/149:LR: 1.0000000000000004e-08
----------
train Loss: 0.0779 Acc: 0.0000
Epoch time taken:  24.97165608406067
val Loss: 0.0518 Acc: 0.0000
Epoch time taken:  27.54985761642456
Epoch 121/149:LR: 1.0000000000000004e-08
----------
train Loss: 0.0730 Acc: 0.0000
Epoch time taken:  25.225916862487793
val Loss: 0.0539 Acc: 0.0000
Epoch time taken:  27.72046947479248
Epoch 122/149:LR: 1.0000000000000004e-08
----------
train Loss: 0.0750 Acc: 0.0000
Epoch time taken:  24.804877996444702
val Loss: 0.0555 Acc: 0.0000
Epoch time taken:  27.360496044158936
Epoch 123/149:LR: 1.0000000000000004e-08
----------
train Loss: 0.0785 Acc: 0.0000
Epoch time taken:  24.731392860412598
val Loss: 0.0534 Acc: 0.0000
Epoch time taken:  27.27391028404236
Epoch 124/149:LR: 1.0000000000000004e-08
----------
train Loss: 0.0764 Acc: 0.0000
Epoch time taken:  24.698124408721924
val Loss: 0.0529 Acc: 0.0000
Epoch time taken:  27.22586417198181
Epoch 125/149:LR: 1.0000000000000004e-08
----------
train Loss: 0.0749 Acc: 0.0000
Epoch time taken:  24.50374746322632
val Loss: 0.0624 Acc: 0.0000
Epoch time taken:  27.012983322143555
Epoch 126/149:LR: 1.0000000000000004e-08
----------
train Loss: 0.0774 Acc: 0.0000
Epoch time taken:  24.58854842185974
val Loss: 0.0536 Acc: 0.0000
Epoch time taken:  27.174299716949463
Epoch 127/149:LR: 1.0000000000000004e-08
----------
train Loss: 0.0748 Acc: 0.0000
Epoch time taken:  25.073983907699585
val Loss: 0.0586 Acc: 0.0000
Epoch time taken:  27.58721947669983
Epoch 128/149:LR: 1.0000000000000004e-08
----------
train Loss: 0.0767 Acc: 0.0000
Epoch time taken:  24.52202010154724
val Loss: 0.0514 Acc: 0.0000
Epoch time taken:  27.056586980819702
Epoch 129/149:LR: 1.0000000000000004e-08
----------
train Loss: 0.0768 Acc: 0.0000
Epoch time taken:  24.98636531829834
val Loss: 0.0583 Acc: 0.0000
Epoch time taken:  27.578965425491333
Epoch 130/149:LR: 1.0000000000000004e-08
----------
train Loss: 0.0747 Acc: 0.0000
Epoch time taken:  25.39171051979065
val Loss: 0.0556 Acc: 0.0000
Epoch time taken:  27.950513124465942
Epoch 131/149:LR: 1.0000000000000004e-08
----------
train Loss: 0.0749 Acc: 0.0000
Epoch time taken:  25.1098792552948
val Loss: 0.0571 Acc: 0.0000
Epoch time taken:  27.73333764076233
Epoch 132/149:LR: 1.0000000000000004e-08
----------
train Loss: 0.0743 Acc: 0.0000
Epoch time taken:  25.309337615966797
val Loss: 0.0570 Acc: 0.0000
Epoch time taken:  27.811087131500244
Epoch 133/149:LR: 1.0000000000000004e-08
----------
train Loss: 0.0790 Acc: 0.0000
Epoch time taken:  25.036672592163086
val Loss: 0.0528 Acc: 0.0000
Epoch time taken:  27.66558003425598
Epoch 134/149:LR: 1.0000000000000004e-08
----------
train Loss: 0.0742 Acc: 0.0000
Epoch time taken:  24.60865044593811
val Loss: 0.0597 Acc: 0.0000
Epoch time taken:  27.148569583892822
Epoch 135/149:LR: 1.0000000000000004e-08
----------
train Loss: 0.0758 Acc: 0.0000
Epoch time taken:  24.78215193748474
val Loss: 0.0529 Acc: 0.0000
Epoch time taken:  27.334301948547363
Epoch 136/149:LR: 1.0000000000000004e-08
----------
train Loss: 0.0752 Acc: 0.0000
Epoch time taken:  24.788029193878174
val Loss: 0.0546 Acc: 0.0000
Epoch time taken:  27.324293851852417
Epoch 137/149:LR: 1.0000000000000004e-08
----------
train Loss: 0.0793 Acc: 0.0000
Epoch time taken:  24.770343542099
val Loss: 0.0595 Acc: 0.0000
Epoch time taken:  27.374172925949097
Epoch 138/149:LR: 1.0000000000000004e-08
----------
train Loss: 0.0787 Acc: 0.0000
Epoch time taken:  24.628057956695557
val Loss: 0.0579 Acc: 0.0000
Epoch time taken:  27.186540365219116
Epoch 139/149:LR: 1.0000000000000004e-08
----------
train Loss: 0.0761 Acc: 0.0000
Epoch time taken:  24.641515970230103
val Loss: 0.0530 Acc: 0.0000
Epoch time taken:  27.192790508270264
Epoch 140/149:LR: 1.0000000000000004e-08
----------
train Loss: 0.0759 Acc: 0.0000
Epoch time taken:  24.785513877868652
val Loss: 0.0589 Acc: 0.0000
Epoch time taken:  27.33096981048584
Epoch 141/149:LR: 1.0000000000000004e-08
----------
train Loss: 0.0769 Acc: 0.0000
Epoch time taken:  24.73875069618225
val Loss: 0.0530 Acc: 0.0000
Epoch time taken:  27.2634539604187
Epoch 142/149:LR: 1.0000000000000004e-08
----------
train Loss: 0.0727 Acc: 0.0000
Epoch time taken:  24.892033100128174
val Loss: 0.0529 Acc: 0.0000
Epoch time taken:  27.518686532974243
Epoch 143/149:LR: 1.0000000000000004e-08
----------
train Loss: 0.0750 Acc: 0.0000
Epoch time taken:  25.03315782546997
val Loss: 0.0579 Acc: 0.0000
Epoch time taken:  27.58275604248047
Epoch 144/149:LR: 1.0000000000000004e-08
----------
train Loss: 0.0782 Acc: 0.0000
Epoch time taken:  24.926907062530518
val Loss: 0.0554 Acc: 0.0000
Epoch time taken:  27.561017513275146
Epoch 145/149:LR: 1.0000000000000004e-08
----------
train Loss: 0.0757 Acc: 0.0000
Epoch time taken:  24.98974919319153
val Loss: 0.0528 Acc: 0.0000
Epoch time taken:  27.55993676185608
Epoch 146/149:LR: 1.0000000000000004e-08
----------
train Loss: 0.0771 Acc: 0.0000
Epoch time taken:  24.855376482009888
val Loss: 0.0553 Acc: 0.0000
Epoch time taken:  27.38664984703064
Epoch 147/149:LR: 1.0000000000000004e-08
----------
train Loss: 0.0754 Acc: 0.0000
Epoch time taken:  24.81019616127014
val Loss: 0.0562 Acc: 0.0000
Epoch time taken:  27.33171820640564
Epoch 148/149:LR: 1.0000000000000004e-08
----------
train Loss: 0.0756 Acc: 0.0000
Epoch time taken:  24.82334303855896
val Loss: 0.0579 Acc: 0.0000
Epoch time taken:  27.3558509349823
Epoch 149/149:LR: 1.0000000000000004e-08
----------
train Loss: 0.0759 Acc: 0.0000
Epoch time taken:  24.757808685302734
val Loss: 0.0595 Acc: 0.0000
Epoch time taken:  27.363571166992188
Training complete in 70m 48s
Best val Acc: 0.050497
